2021-10-04 10:56:19-log: [Package] menu@1.0.0 enable
2021-10-04 10:56:19-log: [Package] profile@1.0.0 enable
2021-10-04 10:56:19-log: [Package] messages@1.0.0 enable
2021-10-04 10:56:19-log: [Package] program@1.0.0 enable
2021-10-04 10:56:19-log: [Package] device@1.0.1 enable
2021-10-04 10:56:19-log: [Package] ui-kit@1.0.1 enable
2021-10-04 10:56:19-log: [Package] tester@1.0.0 enable
2021-10-04 10:56:19-log: [Package] preferences@1.0.0 enable
2021-10-04 10:56:20-log: Setup mods mgr.: 346.352ms
2021-10-04 10:56:20-log: [Package] engine@1.0.5 enable
2021-10-04 10:56:24-log: [Package] programming@1.0.0 enable
2021-10-04 10:56:24-log: [Package] asset-db@1.0.0 enable
2021-10-04 10:56:24-log: [Package] console@1.0.0 enable
2021-10-04 10:56:24-log: [Package] scene@1.0.0 enable
2021-10-04 10:56:24-log: [Package] project@1.0.1 enable
2021-10-04 10:56:24-log: [Package] about@1.0.0 enable
2021-10-04 10:56:25-log: [Package] server@1.0.0 enable
2021-10-04 10:56:25-log: [Package] utils@1.0.0 enable
2021-10-04 10:56:25-log: [Package] assets@1.0.0 enable
2021-10-04 10:56:25-log: [Package] inspector@1.0.0 enable
2021-10-04 10:56:25-log: [Package] hierarchy@1.0.0 enable
2021-10-04 10:56:27-log: [Package] preview@1.0.1 enable
2021-10-04 10:56:27-log: [Package] animator@1.0.0 enable
2021-10-04 10:56:28-log: [Package] builder@1.2.9 enable
2021-10-04 10:56:28-log: [Package] node-library@1.0.0 enable
2021-10-04 10:56:28-log: [Package] shortcuts@1.0.1 enable
2021-10-04 10:56:28-log: [Package] package-asset@1.0.0 enable
2021-10-04 10:56:28-log: [Package] reference-image@1.0.0 enable
2021-10-04 10:56:28-log: [Package] channel-upload-tools@1.0.0 enable
2021-10-04 10:56:28-log: [Package] runtime-dev-tools@1.0.0 enable
2021-10-04 10:56:28-log: [Package] alipay-mini-game@1.0.0 enable
2021-10-04 10:56:28-log: [Package] android@1.0.0 enable
2021-10-04 10:56:28-log: [Package] baidu-mini-game@1.0.0 enable
2021-10-04 10:56:28-log: [Package] bytedance-mini-game@1.0.1 enable
2021-10-04 10:56:28-log: [Package] huawei-agc@1.0.0 enable
2021-10-04 10:56:29-log: [Package] ios@1.0.0 enable
2021-10-04 10:56:29-log: [Package] ios-app-clip@1.0.0 enable
2021-10-04 10:56:29-log: [Package] mac@1.0.0 enable
2021-10-04 10:56:29-log: [Package] native@1.0.0 enable
2021-10-04 10:56:29-log: [Package] ohos@1.0.0 enable
2021-10-04 10:56:30-log: [Package] web-desktop@1.0.0 enable
2021-10-04 10:56:30-log: [Package] web-mobile@1.0.0 enable
2021-10-04 10:56:30-log: [Package] wechatgame@1.0.1 enable
2021-10-04 10:56:30-log: [Package] windows@1.0.0 enable
2021-10-04 10:56:30-log: [Package] xiaomi-quick-game@1.0.0 enable
2021-10-04 10:56:30-log: [Package] cocos-play@1.0.0 enable
2021-10-04 10:56:30-log: [Package] huawei-quick-game@1.0.0 enable
2021-10-04 10:56:30-log: [Package] link-sure@1.0.0 enable
2021-10-04 10:56:30-log: [Package] oppo-mini-game@1.0.0 enable
2021-10-04 10:56:30-log: [Package] qtt@1.0.0 enable
2021-10-04 10:56:30-log: [Package] vivo-mini-game@1.0.0 enable
2021-10-04 10:56:30-log: [Package] cocos-service@3.0.1 enable
2021-10-04 10:56:30-log: [Package] importer@1.0.0 enable
2021-10-04 10:56:31-log: [Package] extension@3.0.9 enable
2021-10-04 10:56:31-log: [Package] im-plugin@3.0.6 enable
2021-10-04 10:56:31-log: [Package] lightmap@1.0.3 enable
2021-10-04 10:56:55-warn: Browserslist: caniuse-lite is outdated. Please run:
npx browserslist@latest --update-db

Why you should do it regularly:
https://github.com/browserslist/browserslist#browsers-data-updating
2021-10-04 10:56:55-log: [Scene] begin init
2021-10-04 10:56:55-log: [Scene] require engine end
2021-10-04 10:56:55-log: [Scene] Serialize end
2021-10-04 10:56:55-log: [Scene] configureStartup end
2021-10-04 10:56:55-info: [Scene] WebGL2 device initialized.
2021-10-04 10:56:55-log: [Scene] Cocos Creator v3.3.1
2021-10-04 10:56:55-info: [Scene] Forward render pipeline initialized.
2021-10-04 10:56:56-log: [Scene] openEngine end
2021-10-04 10:56:56-log: [Scene] configureEngine end
2021-10-04 10:57:40-log: [Scene] don't support this function in current mode prefab queryAnimationPropValueAtFrame
