debug: Mon, 04 Oct 2021 08:56:24 GMT
debug: Project: /Volumes/WD Black/DRIVE/CURSOS/SEF/DESARROLLO DE VIDEOJUEGOS EN HTML5/JUEGOS/Cocos/TheJumpingWizard
debug: Targets: editor,preview
debug: Incremental file seems great.
debug: Engine path: /Applications/CocosCreator/Creator/3.3.1/CocosCreator.app/Contents/Resources/resources/3d/engine
debug: Initializing target [Editor]
debug: Loading cache
debug: Loading cache costs 11.639653999358416ms.
debug: Engine features shipped in editor: base,gfx-webgl,gfx-webgl2,3d,2d,ui,particle,particle-2d,physics-framework,physics-2d-framework,intersection-2d,primitive,profiler,audio,video,terrain,webview,tween,tiled-map,spine,dragon-bones
debug: Initializing target [Preview]
debug: Loading cache
debug: Loading cache costs 2.6673119999468327ms.
debug: Sync engine features: base,gfx-webgl,2d,ui,physics-2d-box2d,intersection-2d,profiler,particle-2d,audio,video,webview,tween,tiled-map,spine,dragon-bones
debug: Pulling asset-db.
debug: Fetch asset-db cost: 100.77516799978912ms.
debug: Build iteration starts.
Number of accumulated asset changes: 2
Feature changed: false
debug: Target(editor) build started.
debug: Detected change: cce:/internal/x/cc. Last mtime: Thu Jan 01 1970 01:00:09 GMT+0100 (hora estándar de Europa central), Current mtime: Thu Jan 01 1970 01:00:09 GMT+0100 (hora estándar de Europa central)
debug: Inspect cce:/internal/x/cc
debug: Resolve cce:/internal/x/cc-fu/base from cce:/internal/x/cc as external dependency cce:/internal/x/cc-fu/base.
debug: Resolve cce:/internal/x/cc-fu/gfx-webgl from cce:/internal/x/cc as external dependency cce:/internal/x/cc-fu/gfx-webgl.
debug: Resolve cce:/internal/x/cc-fu/gfx-webgl2 from cce:/internal/x/cc as external dependency cce:/internal/x/cc-fu/gfx-webgl2.
debug: Resolve cce:/internal/x/cc-fu/3d from cce:/internal/x/cc as external dependency cce:/internal/x/cc-fu/3d.
debug: Resolve cce:/internal/x/cc-fu/2d from cce:/internal/x/cc as external dependency cce:/internal/x/cc-fu/2d.
debug: Resolve cce:/internal/x/cc-fu/ui from cce:/internal/x/cc as external dependency cce:/internal/x/cc-fu/ui.
debug: Resolve cce:/internal/x/cc-fu/particle from cce:/internal/x/cc as external dependency cce:/internal/x/cc-fu/particle.
debug: Resolve cce:/internal/x/cc-fu/particle-2d from cce:/internal/x/cc as external dependency cce:/internal/x/cc-fu/particle-2d.
debug: Resolve cce:/internal/x/cc-fu/physics-framework from cce:/internal/x/cc as external dependency cce:/internal/x/cc-fu/physics-framework.
debug: Resolve cce:/internal/x/cc-fu/physics-2d-framework from cce:/internal/x/cc as external dependency cce:/internal/x/cc-fu/physics-2d-framework.
debug: Resolve cce:/internal/x/cc-fu/intersection-2d from cce:/internal/x/cc as external dependency cce:/internal/x/cc-fu/intersection-2d.
debug: Resolve cce:/internal/x/cc-fu/primitive from cce:/internal/x/cc as external dependency cce:/internal/x/cc-fu/primitive.
debug: Resolve cce:/internal/x/cc-fu/profiler from cce:/internal/x/cc as external dependency cce:/internal/x/cc-fu/profiler.
debug: Resolve cce:/internal/x/cc-fu/audio from cce:/internal/x/cc as external dependency cce:/internal/x/cc-fu/audio.
debug: Resolve cce:/internal/x/cc-fu/video from cce:/internal/x/cc as external dependency cce:/internal/x/cc-fu/video.
debug: Resolve cce:/internal/x/cc-fu/terrain from cce:/internal/x/cc as external dependency cce:/internal/x/cc-fu/terrain.
debug: Resolve cce:/internal/x/cc-fu/webview from cce:/internal/x/cc as external dependency cce:/internal/x/cc-fu/webview.
debug: Resolve cce:/internal/x/cc-fu/tween from cce:/internal/x/cc as external dependency cce:/internal/x/cc-fu/tween.
debug: Resolve cce:/internal/x/cc-fu/tiled-map from cce:/internal/x/cc as external dependency cce:/internal/x/cc-fu/tiled-map.
debug: Resolve cce:/internal/x/cc-fu/spine from cce:/internal/x/cc as external dependency cce:/internal/x/cc-fu/spine.
debug: Resolve cce:/internal/x/cc-fu/dragon-bones from cce:/internal/x/cc as external dependency cce:/internal/x/cc-fu/dragon-bones.
debug: Detected change: cce:/internal/x/prerequisite-imports. Last mtime: Thu Jan 01 1970 01:00:27 GMT+0100 (hora estándar de Europa central), Current mtime: Thu Jan 01 1970 01:00:40 GMT+0100 (hora estándar de Europa central)
debug: Inspect cce:/internal/x/prerequisite-imports
debug: Resolve file:///Volumes/WD%20Black/DRIVE/CURSOS/SEF/DESARROLLO%20DE%20VIDEOJUEGOS%20EN%20HTML5/JUEGOS/Cocos/TheJumpingWizard/assets/scripts/PlayerControl.ts from cce:/internal/x/prerequisite-imports as file:///Volumes/WD%20Black/DRIVE/CURSOS/SEF/DESARROLLO%20DE%20VIDEOJUEGOS%20EN%20HTML5/JUEGOS/Cocos/TheJumpingWizard/assets/scripts/PlayerControl.ts.
debug: Resolve file:///Volumes/WD%20Black/DRIVE/CURSOS/SEF/DESARROLLO%20DE%20VIDEOJUEGOS%20EN%20HTML5/JUEGOS/Cocos/TheJumpingWizard/assets/scripts/mainGameControl.ts from cce:/internal/x/prerequisite-imports as file:///Volumes/WD%20Black/DRIVE/CURSOS/SEF/DESARROLLO%20DE%20VIDEOJUEGOS%20EN%20HTML5/JUEGOS/Cocos/TheJumpingWizard/assets/scripts/mainGameControl.ts.
debug: Inspect file:///Volumes/WD%20Black/DRIVE/CURSOS/SEF/DESARROLLO%20DE%20VIDEOJUEGOS%20EN%20HTML5/JUEGOS/Cocos/TheJumpingWizard/assets/scripts/PlayerControl.ts
debug: Inspect file:///Volumes/WD%20Black/DRIVE/CURSOS/SEF/DESARROLLO%20DE%20VIDEOJUEGOS%20EN%20HTML5/JUEGOS/Cocos/TheJumpingWizard/assets/scripts/mainGameControl.ts
debug: Resolve cc from file:///Volumes/WD%20Black/DRIVE/CURSOS/SEF/DESARROLLO%20DE%20VIDEOJUEGOS%20EN%20HTML5/JUEGOS/Cocos/TheJumpingWizard/assets/scripts/PlayerControl.ts as cce:/internal/x/cc.
debug: Resolve cc from file:///Volumes/WD%20Black/DRIVE/CURSOS/SEF/DESARROLLO%20DE%20VIDEOJUEGOS%20EN%20HTML5/JUEGOS/Cocos/TheJumpingWizard/assets/scripts/PlayerControl.ts as cce:/internal/x/cc.
debug: Resolve cc from file:///Volumes/WD%20Black/DRIVE/CURSOS/SEF/DESARROLLO%20DE%20VIDEOJUEGOS%20EN%20HTML5/JUEGOS/Cocos/TheJumpingWizard/assets/scripts/mainGameControl.ts as cce:/internal/x/cc.
debug: Resolve cc from file:///Volumes/WD%20Black/DRIVE/CURSOS/SEF/DESARROLLO%20DE%20VIDEOJUEGOS%20EN%20HTML5/JUEGOS/Cocos/TheJumpingWizard/assets/scripts/mainGameControl.ts as cce:/internal/x/cc.
debug: Target(editor) ends with cost 453.9532249998301ms.
debug: Target(preview) build started.
debug: Detected change: cce:/internal/x/cc. Last mtime: Thu Jan 01 1970 01:00:09 GMT+0100 (hora estándar de Europa central), Current mtime: Thu Jan 01 1970 01:00:09 GMT+0100 (hora estándar de Europa central)
debug: Inspect cce:/internal/x/cc
debug: Resolve cce:/internal/x/cc-fu/base from cce:/internal/x/cc as external dependency cce:/internal/x/cc-fu/base.
debug: Resolve cce:/internal/x/cc-fu/gfx-webgl from cce:/internal/x/cc as external dependency cce:/internal/x/cc-fu/gfx-webgl.
debug: Resolve cce:/internal/x/cc-fu/2d from cce:/internal/x/cc as external dependency cce:/internal/x/cc-fu/2d.
debug: Resolve cce:/internal/x/cc-fu/ui from cce:/internal/x/cc as external dependency cce:/internal/x/cc-fu/ui.
debug: Resolve cce:/internal/x/cc-fu/physics-2d-box2d from cce:/internal/x/cc as external dependency cce:/internal/x/cc-fu/physics-2d-box2d.
debug: Resolve cce:/internal/x/cc-fu/physics-2d-framework from cce:/internal/x/cc as external dependency cce:/internal/x/cc-fu/physics-2d-framework.
debug: Resolve cce:/internal/x/cc-fu/intersection-2d from cce:/internal/x/cc as external dependency cce:/internal/x/cc-fu/intersection-2d.
debug: Resolve cce:/internal/x/cc-fu/profiler from cce:/internal/x/cc as external dependency cce:/internal/x/cc-fu/profiler.
debug: Resolve cce:/internal/x/cc-fu/particle-2d from cce:/internal/x/cc as external dependency cce:/internal/x/cc-fu/particle-2d.
debug: Resolve cce:/internal/x/cc-fu/audio from cce:/internal/x/cc as external dependency cce:/internal/x/cc-fu/audio.
debug: Resolve cce:/internal/x/cc-fu/video from cce:/internal/x/cc as external dependency cce:/internal/x/cc-fu/video.
debug: Resolve cce:/internal/x/cc-fu/webview from cce:/internal/x/cc as external dependency cce:/internal/x/cc-fu/webview.
debug: Resolve cce:/internal/x/cc-fu/tween from cce:/internal/x/cc as external dependency cce:/internal/x/cc-fu/tween.
debug: Resolve cce:/internal/x/cc-fu/tiled-map from cce:/internal/x/cc as external dependency cce:/internal/x/cc-fu/tiled-map.
debug: Resolve cce:/internal/x/cc-fu/spine from cce:/internal/x/cc as external dependency cce:/internal/x/cc-fu/spine.
debug: Resolve cce:/internal/x/cc-fu/dragon-bones from cce:/internal/x/cc as external dependency cce:/internal/x/cc-fu/dragon-bones.
debug: Detected change: cce:/internal/x/prerequisite-imports. Last mtime: Thu Jan 01 1970 01:00:27 GMT+0100 (hora estándar de Europa central), Current mtime: Thu Jan 01 1970 01:00:40 GMT+0100 (hora estándar de Europa central)
debug: Inspect cce:/internal/x/prerequisite-imports
debug: Resolve file:///Volumes/WD%20Black/DRIVE/CURSOS/SEF/DESARROLLO%20DE%20VIDEOJUEGOS%20EN%20HTML5/JUEGOS/Cocos/TheJumpingWizard/assets/scripts/PlayerControl.ts from cce:/internal/x/prerequisite-imports as file:///Volumes/WD%20Black/DRIVE/CURSOS/SEF/DESARROLLO%20DE%20VIDEOJUEGOS%20EN%20HTML5/JUEGOS/Cocos/TheJumpingWizard/assets/scripts/PlayerControl.ts.
debug: Resolve file:///Volumes/WD%20Black/DRIVE/CURSOS/SEF/DESARROLLO%20DE%20VIDEOJUEGOS%20EN%20HTML5/JUEGOS/Cocos/TheJumpingWizard/assets/scripts/mainGameControl.ts from cce:/internal/x/prerequisite-imports as file:///Volumes/WD%20Black/DRIVE/CURSOS/SEF/DESARROLLO%20DE%20VIDEOJUEGOS%20EN%20HTML5/JUEGOS/Cocos/TheJumpingWizard/assets/scripts/mainGameControl.ts.
debug: Inspect file:///Volumes/WD%20Black/DRIVE/CURSOS/SEF/DESARROLLO%20DE%20VIDEOJUEGOS%20EN%20HTML5/JUEGOS/Cocos/TheJumpingWizard/assets/scripts/PlayerControl.ts
debug: Inspect file:///Volumes/WD%20Black/DRIVE/CURSOS/SEF/DESARROLLO%20DE%20VIDEOJUEGOS%20EN%20HTML5/JUEGOS/Cocos/TheJumpingWizard/assets/scripts/mainGameControl.ts
debug: Resolve cc from file:///Volumes/WD%20Black/DRIVE/CURSOS/SEF/DESARROLLO%20DE%20VIDEOJUEGOS%20EN%20HTML5/JUEGOS/Cocos/TheJumpingWizard/assets/scripts/mainGameControl.ts as cce:/internal/x/cc.
debug: Resolve cc from file:///Volumes/WD%20Black/DRIVE/CURSOS/SEF/DESARROLLO%20DE%20VIDEOJUEGOS%20EN%20HTML5/JUEGOS/Cocos/TheJumpingWizard/assets/scripts/mainGameControl.ts as cce:/internal/x/cc.
debug: Resolve cc from file:///Volumes/WD%20Black/DRIVE/CURSOS/SEF/DESARROLLO%20DE%20VIDEOJUEGOS%20EN%20HTML5/JUEGOS/Cocos/TheJumpingWizard/assets/scripts/PlayerControl.ts as cce:/internal/x/cc.
debug: Resolve cc from file:///Volumes/WD%20Black/DRIVE/CURSOS/SEF/DESARROLLO%20DE%20VIDEOJUEGOS%20EN%20HTML5/JUEGOS/Cocos/TheJumpingWizard/assets/scripts/PlayerControl.ts as cce:/internal/x/cc.
debug: Target(preview) ends with cost 324.8855720004067ms.
